/!\ FAILSAFE /!\  2018-02-04 14:18:52 +0200
  Status: 500 Internal Server Error
  cannot load such file -- sqlite3
    /usr/share/rvm/rubies/ruby-1.9.3-p551/lib/ruby/site_ruby/1.9.1/rubygems/custom_require.rb:36:in `require'
    /usr/share/rvm/rubies/ruby-1.9.3-p551/lib/ruby/site_ruby/1.9.1/rubygems/custom_require.rb:36:in `require'
    /home/ynon/.rvm/gems/ruby-1.9.3-p551/gems/activesupport-2.3.18/lib/active_support/dependencies.rb:182:in `block in require'
    /home/ynon/.rvm/gems/ruby-1.9.3-p551/gems/activesupport-2.3.18/lib/active_support/dependencies.rb:547:in `new_constants_in'
    /home/ynon/.rvm/gems/ruby-1.9.3-p551/gems/activesupport-2.3.18/lib/active_support/dependencies.rb:182:in `require'
    /home/ynon/.rvm/gems/ruby-1.9.3-p551/gems/activesupport-2.3.18/lib/active_support/core_ext/kernel/requires.rb:7:in `block in require_library_or_gem'
    /home/ynon/.rvm/gems/ruby-1.9.3-p551/gems/activesupport-2.3.18/lib/active_support/core_ext/kernel/reporting.rb:11:in `silence_warnings'
    /home/ynon/.rvm/gems/ruby-1.9.3-p551/gems/activesupport-2.3.18/lib/active_support/core_ext/kernel/requires.rb:5:in `require_library_or_gem'
    /home/ynon/.rvm/gems/ruby-1.9.3-p551/gems/activerecord-2.3.18/lib/active_record/connection_adapters/sqlite3_adapter.rb:10:in `sqlite3_connection'
    /home/ynon/.rvm/gems/ruby-1.9.3-p551/gems/activerecord-2.3.18/lib/active_record/connection_adapters/abstract/connection_pool.rb:223:in `new_connection'
    /home/ynon/.rvm/gems/ruby-1.9.3-p551/gems/activerecord-2.3.18/lib/active_record/connection_adapters/abstract/connection_pool.rb:245:in `checkout_new_connection'
    /home/ynon/.rvm/gems/ruby-1.9.3-p551/gems/activerecord-2.3.18/lib/active_record/connection_adapters/abstract/connection_pool.rb:188:in `block (2 levels) in checkout'
    /home/ynon/.rvm/gems/ruby-1.9.3-p551/gems/activerecord-2.3.18/lib/active_record/connection_adapters/abstract/connection_pool.rb:184:in `loop'
    /home/ynon/.rvm/gems/ruby-1.9.3-p551/gems/activerecord-2.3.18/lib/active_record/connection_adapters/abstract/connection_pool.rb:184:in `block in checkout'
    /usr/share/rvm/rubies/ruby-1.9.3-p551/lib/ruby/1.9.1/monitor.rb:211:in `mon_synchronize'
    /home/ynon/.rvm/gems/ruby-1.9.3-p551/gems/activerecord-2.3.18/lib/active_record/connection_adapters/abstract/connection_pool.rb:183:in `checkout'
    /home/ynon/.rvm/gems/ruby-1.9.3-p551/gems/activerecord-2.3.18/lib/active_record/connection_adapters/abstract/connection_pool.rb:98:in `connection'
    /home/ynon/.rvm/gems/ruby-1.9.3-p551/gems/activerecord-2.3.18/lib/active_record/connection_adapters/abstract/connection_pool.rb:326:in `retrieve_connection'
    /home/ynon/.rvm/gems/ruby-1.9.3-p551/gems/activerecord-2.3.18/lib/active_record/connection_adapters/abstract/connection_specification.rb:123:in `retrieve_connection'
    /home/ynon/.rvm/gems/ruby-1.9.3-p551/gems/activerecord-2.3.18/lib/active_record/connection_adapters/abstract/connection_specification.rb:115:in `connection'
    /home/ynon/.rvm/gems/ruby-1.9.3-p551/gems/activerecord-2.3.18/lib/active_record/query_cache.rb:9:in `cache'
    /home/ynon/.rvm/gems/ruby-1.9.3-p551/gems/activerecord-2.3.18/lib/active_record/query_cache.rb:28:in `call'
    /home/ynon/.rvm/gems/ruby-1.9.3-p551/gems/activerecord-2.3.18/lib/active_record/connection_adapters/abstract/connection_pool.rb:361:in `call'
    /home/ynon/.rvm/gems/ruby-1.9.3-p551/gems/actionpack-2.3.18/lib/action_controller/string_coercion.rb:25:in `call'
    /home/ynon/.rvm/gems/ruby-1.9.3-p551/gems/rack-1.1.6/lib/rack/head.rb:9:in `call'
    /home/ynon/.rvm/gems/ruby-1.9.3-p551/gems/rack-1.1.6/lib/rack/methodoverride.rb:24:in `call'
    /home/ynon/.rvm/gems/ruby-1.9.3-p551/gems/actionpack-2.3.18/lib/action_controller/params_parser.rb:15:in `call'
    /home/ynon/.rvm/gems/ruby-1.9.3-p551/gems/actionpack-2.3.18/lib/action_controller/session/cookie_store.rb:99:in `call'
    /home/ynon/.rvm/gems/ruby-1.9.3-p551/gems/actionpack-2.3.18/lib/action_controller/failsafe.rb:26:in `call'
    /home/ynon/.rvm/gems/ruby-1.9.3-p551/gems/rack-1.1.6/lib/rack/lock.rb:11:in `block in call'
    <internal:prelude>:10:in `synchronize'
    /home/ynon/.rvm/gems/ruby-1.9.3-p551/gems/rack-1.1.6/lib/rack/lock.rb:11:in `call'
    /home/ynon/.rvm/gems/ruby-1.9.3-p551/gems/actionpack-2.3.18/lib/action_controller/dispatcher.rb:114:in `block in call'
    /home/ynon/.rvm/gems/ruby-1.9.3-p551/gems/actionpack-2.3.18/lib/action_controller/reloader.rb:34:in `run'
    /home/ynon/.rvm/gems/ruby-1.9.3-p551/gems/actionpack-2.3.18/lib/action_controller/dispatcher.rb:108:in `call'
    /home/ynon/.rvm/gems/ruby-1.9.3-p551/gems/rails-2.3.18/lib/rails/rack/static.rb:31:in `call'
    /home/ynon/.rvm/gems/ruby-1.9.3-p551/gems/rack-1.1.6/lib/rack/urlmap.rb:47:in `block in call'
    /home/ynon/.rvm/gems/ruby-1.9.3-p551/gems/rack-1.1.6/lib/rack/urlmap.rb:41:in `each'
    /home/ynon/.rvm/gems/ruby-1.9.3-p551/gems/rack-1.1.6/lib/rack/urlmap.rb:41:in `call'
    /home/ynon/.rvm/gems/ruby-1.9.3-p551/gems/rails-2.3.18/lib/rails/rack/log_tailer.rb:17:in `call'
    /home/ynon/.rvm/gems/ruby-1.9.3-p551/gems/rack-1.1.6/lib/rack/content_length.rb:13:in `call'
    /home/ynon/.rvm/gems/ruby-1.9.3-p551/gems/rack-1.1.6/lib/rack/handler/webrick.rb:48:in `service'
    /usr/share/rvm/rubies/ruby-1.9.3-p551/lib/ruby/1.9.1/webrick/httpserver.rb:138:in `service'
    /usr/share/rvm/rubies/ruby-1.9.3-p551/lib/ruby/1.9.1/webrick/httpserver.rb:94:in `run'
    /usr/share/rvm/rubies/ruby-1.9.3-p551/lib/ruby/1.9.1/webrick/server.rb:191:in `block in start_thread'
/!\ FAILSAFE /!\  2018-02-04 14:22:15 +0200
  Status: 500 Internal Server Error
  cannot load such file -- sqlite3
    /usr/share/rvm/rubies/ruby-1.9.3-p551/lib/ruby/site_ruby/1.9.1/rubygems/custom_require.rb:36:in `require'
    /usr/share/rvm/rubies/ruby-1.9.3-p551/lib/ruby/site_ruby/1.9.1/rubygems/custom_require.rb:36:in `require'
    /home/ynon/.rvm/gems/ruby-1.9.3-p551/gems/activesupport-2.3.18/lib/active_support/dependencies.rb:182:in `block in require'
    /home/ynon/.rvm/gems/ruby-1.9.3-p551/gems/activesupport-2.3.18/lib/active_support/dependencies.rb:547:in `new_constants_in'
    /home/ynon/.rvm/gems/ruby-1.9.3-p551/gems/activesupport-2.3.18/lib/active_support/dependencies.rb:182:in `require'
    /home/ynon/.rvm/gems/ruby-1.9.3-p551/gems/activesupport-2.3.18/lib/active_support/core_ext/kernel/requires.rb:7:in `block in require_library_or_gem'
    /home/ynon/.rvm/gems/ruby-1.9.3-p551/gems/activesupport-2.3.18/lib/active_support/core_ext/kernel/reporting.rb:11:in `silence_warnings'
    /home/ynon/.rvm/gems/ruby-1.9.3-p551/gems/activesupport-2.3.18/lib/active_support/core_ext/kernel/requires.rb:5:in `require_library_or_gem'
    /home/ynon/.rvm/gems/ruby-1.9.3-p551/gems/activerecord-2.3.18/lib/active_record/connection_adapters/sqlite3_adapter.rb:10:in `sqlite3_connection'
    /home/ynon/.rvm/gems/ruby-1.9.3-p551/gems/activerecord-2.3.18/lib/active_record/connection_adapters/abstract/connection_pool.rb:223:in `new_connection'
    /home/ynon/.rvm/gems/ruby-1.9.3-p551/gems/activerecord-2.3.18/lib/active_record/connection_adapters/abstract/connection_pool.rb:245:in `checkout_new_connection'
    /home/ynon/.rvm/gems/ruby-1.9.3-p551/gems/activerecord-2.3.18/lib/active_record/connection_adapters/abstract/connection_pool.rb:188:in `block (2 levels) in checkout'
    /home/ynon/.rvm/gems/ruby-1.9.3-p551/gems/activerecord-2.3.18/lib/active_record/connection_adapters/abstract/connection_pool.rb:184:in `loop'
    /home/ynon/.rvm/gems/ruby-1.9.3-p551/gems/activerecord-2.3.18/lib/active_record/connection_adapters/abstract/connection_pool.rb:184:in `block in checkout'
    /usr/share/rvm/rubies/ruby-1.9.3-p551/lib/ruby/1.9.1/monitor.rb:211:in `mon_synchronize'
    /home/ynon/.rvm/gems/ruby-1.9.3-p551/gems/activerecord-2.3.18/lib/active_record/connection_adapters/abstract/connection_pool.rb:183:in `checkout'
    /home/ynon/.rvm/gems/ruby-1.9.3-p551/gems/activerecord-2.3.18/lib/active_record/connection_adapters/abstract/connection_pool.rb:98:in `connection'
    /home/ynon/.rvm/gems/ruby-1.9.3-p551/gems/activerecord-2.3.18/lib/active_record/connection_adapters/abstract/connection_pool.rb:326:in `retrieve_connection'
    /home/ynon/.rvm/gems/ruby-1.9.3-p551/gems/activerecord-2.3.18/lib/active_record/connection_adapters/abstract/connection_specification.rb:123:in `retrieve_connection'
    /home/ynon/.rvm/gems/ruby-1.9.3-p551/gems/activerecord-2.3.18/lib/active_record/connection_adapters/abstract/connection_specification.rb:115:in `connection'
    /home/ynon/.rvm/gems/ruby-1.9.3-p551/gems/activerecord-2.3.18/lib/active_record/query_cache.rb:9:in `cache'
    /home/ynon/.rvm/gems/ruby-1.9.3-p551/gems/activerecord-2.3.18/lib/active_record/query_cache.rb:28:in `call'
    /home/ynon/.rvm/gems/ruby-1.9.3-p551/gems/activerecord-2.3.18/lib/active_record/connection_adapters/abstract/connection_pool.rb:361:in `call'
    /home/ynon/.rvm/gems/ruby-1.9.3-p551/gems/actionpack-2.3.18/lib/action_controller/string_coercion.rb:25:in `call'
    /home/ynon/.rvm/gems/ruby-1.9.3-p551/gems/rack-1.1.6/lib/rack/head.rb:9:in `call'
    /home/ynon/.rvm/gems/ruby-1.9.3-p551/gems/rack-1.1.6/lib/rack/methodoverride.rb:24:in `call'
    /home/ynon/.rvm/gems/ruby-1.9.3-p551/gems/actionpack-2.3.18/lib/action_controller/params_parser.rb:15:in `call'
    /home/ynon/.rvm/gems/ruby-1.9.3-p551/gems/actionpack-2.3.18/lib/action_controller/session/cookie_store.rb:99:in `call'
    /home/ynon/.rvm/gems/ruby-1.9.3-p551/gems/actionpack-2.3.18/lib/action_controller/failsafe.rb:26:in `call'
    /home/ynon/.rvm/gems/ruby-1.9.3-p551/gems/rack-1.1.6/lib/rack/lock.rb:11:in `block in call'
    <internal:prelude>:10:in `synchronize'
    /home/ynon/.rvm/gems/ruby-1.9.3-p551/gems/rack-1.1.6/lib/rack/lock.rb:11:in `call'
    /home/ynon/.rvm/gems/ruby-1.9.3-p551/gems/actionpack-2.3.18/lib/action_controller/dispatcher.rb:114:in `block in call'
    /home/ynon/.rvm/gems/ruby-1.9.3-p551/gems/actionpack-2.3.18/lib/action_controller/reloader.rb:34:in `run'
    /home/ynon/.rvm/gems/ruby-1.9.3-p551/gems/actionpack-2.3.18/lib/action_controller/dispatcher.rb:108:in `call'
    /home/ynon/.rvm/gems/ruby-1.9.3-p551/gems/rails-2.3.18/lib/rails/rack/static.rb:31:in `call'
    /home/ynon/.rvm/gems/ruby-1.9.3-p551/gems/rack-1.1.6/lib/rack/urlmap.rb:47:in `block in call'
    /home/ynon/.rvm/gems/ruby-1.9.3-p551/gems/rack-1.1.6/lib/rack/urlmap.rb:41:in `each'
    /home/ynon/.rvm/gems/ruby-1.9.3-p551/gems/rack-1.1.6/lib/rack/urlmap.rb:41:in `call'
    /home/ynon/.rvm/gems/ruby-1.9.3-p551/gems/rails-2.3.18/lib/rails/rack/log_tailer.rb:17:in `call'
    /home/ynon/.rvm/gems/ruby-1.9.3-p551/gems/rack-1.1.6/lib/rack/content_length.rb:13:in `call'
    /home/ynon/.rvm/gems/ruby-1.9.3-p551/gems/rack-1.1.6/lib/rack/handler/webrick.rb:48:in `service'
    /usr/share/rvm/rubies/ruby-1.9.3-p551/lib/ruby/1.9.1/webrick/httpserver.rb:138:in `service'
    /usr/share/rvm/rubies/ruby-1.9.3-p551/lib/ruby/1.9.1/webrick/httpserver.rb:94:in `run'
    /usr/share/rvm/rubies/ruby-1.9.3-p551/lib/ruby/1.9.1/webrick/server.rb:191:in `block in start_thread'
/!\ FAILSAFE /!\  2018-02-04 14:22:16 +0200
  Status: 500 Internal Server Error
  cannot load such file -- sqlite3
    /usr/share/rvm/rubies/ruby-1.9.3-p551/lib/ruby/site_ruby/1.9.1/rubygems/custom_require.rb:36:in `require'
    /usr/share/rvm/rubies/ruby-1.9.3-p551/lib/ruby/site_ruby/1.9.1/rubygems/custom_require.rb:36:in `require'
    /home/ynon/.rvm/gems/ruby-1.9.3-p551/gems/activesupport-2.3.18/lib/active_support/dependencies.rb:182:in `block in require'
    /home/ynon/.rvm/gems/ruby-1.9.3-p551/gems/activesupport-2.3.18/lib/active_support/dependencies.rb:547:in `new_constants_in'
    /home/ynon/.rvm/gems/ruby-1.9.3-p551/gems/activesupport-2.3.18/lib/active_support/dependencies.rb:182:in `require'
    /home/ynon/.rvm/gems/ruby-1.9.3-p551/gems/activesupport-2.3.18/lib/active_support/core_ext/kernel/requires.rb:7:in `block in require_library_or_gem'
    /home/ynon/.rvm/gems/ruby-1.9.3-p551/gems/activesupport-2.3.18/lib/active_support/core_ext/kernel/reporting.rb:11:in `silence_warnings'
    /home/ynon/.rvm/gems/ruby-1.9.3-p551/gems/activesupport-2.3.18/lib/active_support/core_ext/kernel/requires.rb:5:in `require_library_or_gem'
    /home/ynon/.rvm/gems/ruby-1.9.3-p551/gems/activerecord-2.3.18/lib/active_record/connection_adapters/sqlite3_adapter.rb:10:in `sqlite3_connection'
    /home/ynon/.rvm/gems/ruby-1.9.3-p551/gems/activerecord-2.3.18/lib/active_record/connection_adapters/abstract/connection_pool.rb:223:in `new_connection'
    /home/ynon/.rvm/gems/ruby-1.9.3-p551/gems/activerecord-2.3.18/lib/active_record/connection_adapters/abstract/connection_pool.rb:245:in `checkout_new_connection'
    /home/ynon/.rvm/gems/ruby-1.9.3-p551/gems/activerecord-2.3.18/lib/active_record/connection_adapters/abstract/connection_pool.rb:188:in `block (2 levels) in checkout'
    /home/ynon/.rvm/gems/ruby-1.9.3-p551/gems/activerecord-2.3.18/lib/active_record/connection_adapters/abstract/connection_pool.rb:184:in `loop'
    /home/ynon/.rvm/gems/ruby-1.9.3-p551/gems/activerecord-2.3.18/lib/active_record/connection_adapters/abstract/connection_pool.rb:184:in `block in checkout'
    /usr/share/rvm/rubies/ruby-1.9.3-p551/lib/ruby/1.9.1/monitor.rb:211:in `mon_synchronize'
    /home/ynon/.rvm/gems/ruby-1.9.3-p551/gems/activerecord-2.3.18/lib/active_record/connection_adapters/abstract/connection_pool.rb:183:in `checkout'
    /home/ynon/.rvm/gems/ruby-1.9.3-p551/gems/activerecord-2.3.18/lib/active_record/connection_adapters/abstract/connection_pool.rb:98:in `connection'
    /home/ynon/.rvm/gems/ruby-1.9.3-p551/gems/activerecord-2.3.18/lib/active_record/connection_adapters/abstract/connection_pool.rb:326:in `retrieve_connection'
    /home/ynon/.rvm/gems/ruby-1.9.3-p551/gems/activerecord-2.3.18/lib/active_record/connection_adapters/abstract/connection_specification.rb:123:in `retrieve_connection'
    /home/ynon/.rvm/gems/ruby-1.9.3-p551/gems/activerecord-2.3.18/lib/active_record/connection_adapters/abstract/connection_specification.rb:115:in `connection'
    /home/ynon/.rvm/gems/ruby-1.9.3-p551/gems/activerecord-2.3.18/lib/active_record/query_cache.rb:9:in `cache'
    /home/ynon/.rvm/gems/ruby-1.9.3-p551/gems/activerecord-2.3.18/lib/active_record/query_cache.rb:28:in `call'
    /home/ynon/.rvm/gems/ruby-1.9.3-p551/gems/activerecord-2.3.18/lib/active_record/connection_adapters/abstract/connection_pool.rb:361:in `call'
    /home/ynon/.rvm/gems/ruby-1.9.3-p551/gems/actionpack-2.3.18/lib/action_controller/string_coercion.rb:25:in `call'
    /home/ynon/.rvm/gems/ruby-1.9.3-p551/gems/rack-1.1.6/lib/rack/head.rb:9:in `call'
    /home/ynon/.rvm/gems/ruby-1.9.3-p551/gems/rack-1.1.6/lib/rack/methodoverride.rb:24:in `call'
    /home/ynon/.rvm/gems/ruby-1.9.3-p551/gems/actionpack-2.3.18/lib/action_controller/params_parser.rb:15:in `call'
    /home/ynon/.rvm/gems/ruby-1.9.3-p551/gems/actionpack-2.3.18/lib/action_controller/session/cookie_store.rb:99:in `call'
    /home/ynon/.rvm/gems/ruby-1.9.3-p551/gems/actionpack-2.3.18/lib/action_controller/failsafe.rb:26:in `call'
    /home/ynon/.rvm/gems/ruby-1.9.3-p551/gems/rack-1.1.6/lib/rack/lock.rb:11:in `block in call'
    <internal:prelude>:10:in `synchronize'
    /home/ynon/.rvm/gems/ruby-1.9.3-p551/gems/rack-1.1.6/lib/rack/lock.rb:11:in `call'
    /home/ynon/.rvm/gems/ruby-1.9.3-p551/gems/actionpack-2.3.18/lib/action_controller/dispatcher.rb:114:in `block in call'
    /home/ynon/.rvm/gems/ruby-1.9.3-p551/gems/actionpack-2.3.18/lib/action_controller/reloader.rb:34:in `run'
    /home/ynon/.rvm/gems/ruby-1.9.3-p551/gems/actionpack-2.3.18/lib/action_controller/dispatcher.rb:108:in `call'
    /home/ynon/.rvm/gems/ruby-1.9.3-p551/gems/rails-2.3.18/lib/rails/rack/static.rb:31:in `call'
    /home/ynon/.rvm/gems/ruby-1.9.3-p551/gems/rack-1.1.6/lib/rack/urlmap.rb:47:in `block in call'
    /home/ynon/.rvm/gems/ruby-1.9.3-p551/gems/rack-1.1.6/lib/rack/urlmap.rb:41:in `each'
    /home/ynon/.rvm/gems/ruby-1.9.3-p551/gems/rack-1.1.6/lib/rack/urlmap.rb:41:in `call'
    /home/ynon/.rvm/gems/ruby-1.9.3-p551/gems/rails-2.3.18/lib/rails/rack/log_tailer.rb:17:in `call'
    /home/ynon/.rvm/gems/ruby-1.9.3-p551/gems/rack-1.1.6/lib/rack/content_length.rb:13:in `call'
    /home/ynon/.rvm/gems/ruby-1.9.3-p551/gems/rack-1.1.6/lib/rack/handler/webrick.rb:48:in `service'
    /usr/share/rvm/rubies/ruby-1.9.3-p551/lib/ruby/1.9.1/webrick/httpserver.rb:138:in `service'
    /usr/share/rvm/rubies/ruby-1.9.3-p551/lib/ruby/1.9.1/webrick/httpserver.rb:94:in `run'
    /usr/share/rvm/rubies/ruby-1.9.3-p551/lib/ruby/1.9.1/webrick/server.rb:191:in `block in start_thread'


Processing ApplicationController#index (for 127.0.0.1 at 2018-02-04 14:22:42) [GET]

ActionController::RoutingError (No route matches "/service-worker.js" with {:method=>:get}):
  <internal:prelude>:10:in `synchronize'
  /usr/share/rvm/rubies/ruby-1.9.3-p551/lib/ruby/1.9.1/webrick/httpserver.rb:138:in `service'
  /usr/share/rvm/rubies/ruby-1.9.3-p551/lib/ruby/1.9.1/webrick/httpserver.rb:94:in `run'
  /usr/share/rvm/rubies/ruby-1.9.3-p551/lib/ruby/1.9.1/webrick/server.rb:191:in `block in start_thread'

Rendering rescues/layout (not_found)


Processing PagesController#home (for 127.0.0.1 at 2018-02-04 14:23:55) [GET]
Rendering pages/home
Completed in 9ms (View: 8, DB: 0) | 200 OK [http://localhost/pages/home]


Processing ApplicationController#index (for 127.0.0.1 at 2018-02-04 14:23:56) [GET]

ActionController::RoutingError (No route matches "/service-worker.js" with {:method=>:get}):
  <internal:prelude>:10:in `synchronize'
  /usr/share/rvm/rubies/ruby-1.9.3-p551/lib/ruby/1.9.1/webrick/httpserver.rb:138:in `service'
  /usr/share/rvm/rubies/ruby-1.9.3-p551/lib/ruby/1.9.1/webrick/httpserver.rb:94:in `run'
  /usr/share/rvm/rubies/ruby-1.9.3-p551/lib/ruby/1.9.1/webrick/server.rb:191:in `block in start_thread'

Rendering rescues/layout (not_found)


Processing PagesController#about (for 127.0.0.1 at 2018-02-04 14:23:58) [GET]
Rendering pages/about
Completed in 4ms (View: 3, DB: 0) | 200 OK [http://localhost/pages/about]


Processing ApplicationController#index (for 127.0.0.1 at 2018-02-04 14:23:59) [GET]

ActionController::RoutingError (No route matches "/service-worker.js" with {:method=>:get}):
  <internal:prelude>:10:in `synchronize'
  /usr/share/rvm/rubies/ruby-1.9.3-p551/lib/ruby/1.9.1/webrick/httpserver.rb:138:in `service'
  /usr/share/rvm/rubies/ruby-1.9.3-p551/lib/ruby/1.9.1/webrick/httpserver.rb:94:in `run'
  /usr/share/rvm/rubies/ruby-1.9.3-p551/lib/ruby/1.9.1/webrick/server.rb:191:in `block in start_thread'

Rendering rescues/layout (not_found)


Processing ApplicationController#index (for 127.0.0.1 at 2018-02-04 14:24:00) [GET]

ActionController::RoutingError (No route matches "/service-worker.js" with {:method=>:get}):
  <internal:prelude>:10:in `synchronize'
  /usr/share/rvm/rubies/ruby-1.9.3-p551/lib/ruby/1.9.1/webrick/httpserver.rb:138:in `service'
  /usr/share/rvm/rubies/ruby-1.9.3-p551/lib/ruby/1.9.1/webrick/httpserver.rb:94:in `run'
  /usr/share/rvm/rubies/ruby-1.9.3-p551/lib/ruby/1.9.1/webrick/server.rb:191:in `block in start_thread'

Rendering rescues/layout (not_found)


Processing PagesController#home (for 127.0.0.1 at 2018-02-04 14:26:18) [GET]
Rendering pages/home
Completed in 8ms (View: 6, DB: 0) | 200 OK [http://localhost/]


Processing ApplicationController#index (for 127.0.0.1 at 2018-02-04 14:26:19) [GET]

ActionController::RoutingError (No route matches "/service-worker.js" with {:method=>:get}):
  <internal:prelude>:10:in `synchronize'
  /usr/share/rvm/rubies/ruby-1.9.3-p551/lib/ruby/1.9.1/webrick/httpserver.rb:138:in `service'
  /usr/share/rvm/rubies/ruby-1.9.3-p551/lib/ruby/1.9.1/webrick/httpserver.rb:94:in `run'
  /usr/share/rvm/rubies/ruby-1.9.3-p551/lib/ruby/1.9.1/webrick/server.rb:191:in `block in start_thread'

Rendering rescues/layout (not_found)
